Performing C SOURCE FILE Test CMAKE_HAVE_LIBC_PTHREAD failed with the following output:
Change Dir: /tmp/Bounce/build/release/CMakeFiles/CMakeTmp

Run Build Command(s):/opt/rh/devtoolset-9/root/usr/bin/gmake cmTC_619f7/fast && /opt/rh/devtoolset-9/root/usr/bin/gmake  -f CMakeFiles/cmTC_619f7.dir/build.make CMakeFiles/cmTC_619f7.dir/build
gmake[1]: Entering directory '/tmp/Bounce/build/release/CMakeFiles/CMakeTmp'
Building C object CMakeFiles/cmTC_619f7.dir/src.c.o
/opt/rh/devtoolset-9/root/usr/bin/cc -DCMAKE_HAVE_LIBC_PTHREAD   -o CMakeFiles/cmTC_619f7.dir/src.c.o -c /tmp/Bounce/build/release/CMakeFiles/CMakeTmp/src.c
Linking C executable cmTC_619f7
/usr/local/bin/cmake -E cmake_link_script CMakeFiles/cmTC_619f7.dir/link.txt --verbose=1
/opt/rh/devtoolset-9/root/usr/bin/cc CMakeFiles/cmTC_619f7.dir/src.c.o -o cmTC_619f7 
/opt/rh/devtoolset-9/root/usr/libexec/gcc/x86_64-redhat-linux/9/ld: CMakeFiles/cmTC_619f7.dir/src.c.o: in function `main':
src.c:(.text+0x2d): undefined reference to `pthread_create'
/opt/rh/devtoolset-9/root/usr/libexec/gcc/x86_64-redhat-linux/9/ld: src.c:(.text+0x39): undefined reference to `pthread_detach'
/opt/rh/devtoolset-9/root/usr/libexec/gcc/x86_64-redhat-linux/9/ld: src.c:(.text+0x45): undefined reference to `pthread_cancel'
/opt/rh/devtoolset-9/root/usr/libexec/gcc/x86_64-redhat-linux/9/ld: src.c:(.text+0x56): undefined reference to `pthread_join'
/opt/rh/devtoolset-9/root/usr/libexec/gcc/x86_64-redhat-linux/9/ld: src.c:(.text+0x6a): undefined reference to `pthread_atfork'
collect2: error: ld returned 1 exit status
gmake[1]: *** [CMakeFiles/cmTC_619f7.dir/build.make:106: cmTC_619f7] Error 1
gmake[1]: Leaving directory '/tmp/Bounce/build/release/CMakeFiles/CMakeTmp'
gmake: *** [Makefile:140: cmTC_619f7/fast] Error 2


Source file was:
#include <pthread.h>

static void* test_func(void* data)
{
  return data;
}

int main(void)
{
  pthread_t thread;
  pthread_create(&thread, NULL, test_func, NULL);
  pthread_detach(thread);
  pthread_cancel(thread);
  pthread_join(thread, NULL);
  pthread_atfork(NULL, NULL, NULL);
  pthread_exit(NULL);

  return 0;
}

Determining if the function pthread_create exists in the pthreads failed with the following output:
Change Dir: /tmp/Bounce/build/release/CMakeFiles/CMakeTmp

Run Build Command(s):/opt/rh/devtoolset-9/root/usr/bin/gmake cmTC_08dd4/fast && /opt/rh/devtoolset-9/root/usr/bin/gmake  -f CMakeFiles/cmTC_08dd4.dir/build.make CMakeFiles/cmTC_08dd4.dir/build
gmake[1]: Entering directory '/tmp/Bounce/build/release/CMakeFiles/CMakeTmp'
Building C object CMakeFiles/cmTC_08dd4.dir/CheckFunctionExists.c.o
/opt/rh/devtoolset-9/root/usr/bin/cc   -DCHECK_FUNCTION_EXISTS=pthread_create -o CMakeFiles/cmTC_08dd4.dir/CheckFunctionExists.c.o -c /usr/local/share/cmake-3.19/Modules/CheckFunctionExists.c
Linking C executable cmTC_08dd4
/usr/local/bin/cmake -E cmake_link_script CMakeFiles/cmTC_08dd4.dir/link.txt --verbose=1
/opt/rh/devtoolset-9/root/usr/bin/cc  -DCHECK_FUNCTION_EXISTS=pthread_create CMakeFiles/cmTC_08dd4.dir/CheckFunctionExists.c.o -o cmTC_08dd4  -lpthreads 
/opt/rh/devtoolset-9/root/usr/libexec/gcc/x86_64-redhat-linux/9/ld: cannot find -lpthreads
collect2: error: ld returned 1 exit status
gmake[1]: *** [CMakeFiles/cmTC_08dd4.dir/build.make:106: cmTC_08dd4] Error 1
gmake[1]: Leaving directory '/tmp/Bounce/build/release/CMakeFiles/CMakeTmp'
gmake: *** [Makefile:140: cmTC_08dd4/fast] Error 2



